Determining if the pthread_create exist failed with the following output:
Change Dir: /home/novosibirsk/rx_tx_test/build/CMakeFiles/CMakeTmp

Run Build Command:"/usr/bin/make" "cmTC_1c9f6/fast"
/usr/bin/make -f CMakeFiles/cmTC_1c9f6.dir/build.make CMakeFiles/cmTC_1c9f6.dir/build
make[1]: Entering directory '/home/novosibirsk/rx_tx_test/build/CMakeFiles/CMakeTmp'
Building CXX object CMakeFiles/cmTC_1c9f6.dir/CheckSymbolExists.cxx.o
/usr/bin/c++     -o CMakeFiles/cmTC_1c9f6.dir/CheckSymbolExists.cxx.o -c /home/novosibirsk/rx_tx_test/build/CMakeFiles/CMakeTmp/CheckSymbolExists.cxx
Linking CXX executable cmTC_1c9f6
/usr/bin/cmake -E cmake_link_script CMakeFiles/cmTC_1c9f6.dir/link.txt --verbose=1
/usr/bin/c++       CMakeFiles/cmTC_1c9f6.dir/CheckSymbolExists.cxx.o  -o cmTC_1c9f6 
CMakeFiles/cmTC_1c9f6.dir/CheckSymbolExists.cxx.o: In function `main':
CheckSymbolExists.cxx:(.text+0x1b): undefined reference to `pthread_create'
collect2: error: ld returned 1 exit status
CMakeFiles/cmTC_1c9f6.dir/build.make:97: recipe for target 'cmTC_1c9f6' failed
make[1]: *** [cmTC_1c9f6] Error 1
make[1]: Leaving directory '/home/novosibirsk/rx_tx_test/build/CMakeFiles/CMakeTmp'
Makefile:126: recipe for target 'cmTC_1c9f6/fast' failed
make: *** [cmTC_1c9f6/fast] Error 2

File /home/novosibirsk/rx_tx_test/build/CMakeFiles/CMakeTmp/CheckSymbolExists.cxx:
/* */
#include <pthread.h>

int main(int argc, char** argv)
{
  (void)argv;
#ifndef pthread_create
  return ((int*)(&pthread_create))[argc];
#else
  (void)argc;
  return 0;
#endif
}

Determining if the function pthread_create exists in the pthreads failed with the following output:
Change Dir: /home/novosibirsk/rx_tx_test/build/CMakeFiles/CMakeTmp

Run Build Command:"/usr/bin/make" "cmTC_0255d/fast"
/usr/bin/make -f CMakeFiles/cmTC_0255d.dir/build.make CMakeFiles/cmTC_0255d.dir/build
make[1]: Entering directory '/home/novosibirsk/rx_tx_test/build/CMakeFiles/CMakeTmp'
Building CXX object CMakeFiles/cmTC_0255d.dir/CheckFunctionExists.cxx.o
/usr/bin/c++    -DCHECK_FUNCTION_EXISTS=pthread_create   -o CMakeFiles/cmTC_0255d.dir/CheckFunctionExists.cxx.o -c /home/novosibirsk/rx_tx_test/build/CMakeFiles/CheckLibraryExists/CheckFunctionExists.cxx
Linking CXX executable cmTC_0255d
/usr/bin/cmake -E cmake_link_script CMakeFiles/cmTC_0255d.dir/link.txt --verbose=1
/usr/bin/c++   -DCHECK_FUNCTION_EXISTS=pthread_create    CMakeFiles/cmTC_0255d.dir/CheckFunctionExists.cxx.o  -o cmTC_0255d -lpthreads 
/usr/bin/ld: cannot find -lpthreads
collect2: error: ld returned 1 exit status
CMakeFiles/cmTC_0255d.dir/build.make:97: recipe for target 'cmTC_0255d' failed
make[1]: *** [cmTC_0255d] Error 1
make[1]: Leaving directory '/home/novosibirsk/rx_tx_test/build/CMakeFiles/CMakeTmp'
Makefile:126: recipe for target 'cmTC_0255d/fast' failed
make: *** [cmTC_0255d/fast] Error 2


